# JRE version: OpenJDK Runtime Environment (8.0_242-b01) (build 1.8.0_242-release-1644-b01)
# Java VM: OpenJDK 64-Bit Server VM (25.242-b01 mixed mode windows-amd64 compressed oops)
Heap:
 PSYoungGen      total 631808K, used 227609K [0x00000000d5580000, 0x00000000ff800000, 0x0000000100000000)
  eden space 572928K, 37% used [0x00000000d5580000,0x00000000e26f06e0,0x00000000f8500000)
  from space 58880K, 22% used [0x00000000fbe80000,0x00000000fcb55d60,0x00000000ff800000)
  to   space 58880K, 0% used [0x00000000f8500000,0x00000000f8500000,0x00000000fbe80000)
 ParOldGen       total 724480K, used 662365K [0x0000000080000000, 0x00000000ac380000, 0x00000000d5580000)
  object space 724480K, 91% used [0x0000000080000000,0x00000000a86d7670,0x00000000ac380000)
 Metaspace       used 196383K, capacity 210269K, committed 210892K, reserved 1232896K
  class space    used 24614K, capacity 27191K, committed 27392K, reserved 1048576K
GC Heap History (10 events):
Event: 2069.671 GC heap before
{Heap before GC invocations=101 (full 7):
 PSYoungGen      total 615424K, used 548392K [0x00000000d5580000, 0x00000000ffc80000, 0x0000000100000000)
  eden space 541696K, 100% used [0x00000000d5580000,0x00000000f6680000,0x00000000f6680000)
  from space 73728K, 9% used [0x00000000f6680000,0x00000000f6d0a238,0x00000000fae80000)
  to   space 72192K, 0% used [0x00000000fb600000,0x00000000fb600000,0x00000000ffc80000)
 ParOldGen       total 724480K, used 640589K [0x0000000080000000, 0x00000000ac380000, 0x00000000d5580000)
  object space 724480K, 88% used [0x0000000080000000,0x00000000a71936e0,0x00000000ac380000)
 Metaspace       used 196269K, capacity 210105K, committed 210892K, reserved 1232896K
  class space    used 24612K, capacity 27187K, committed 27392K, reserved 1048576K
Event: 2069.702 GC heap after
Heap after GC invocations=101 (full 7):
 PSYoungGen      total 621056K, used 12382K [0x00000000d5580000, 0x00000000ff880000, 0x0000000100000000)
  eden space 552960K, 0% used [0x00000000d5580000,0x00000000d5580000,0x00000000f7180000)
  from space 68096K, 18% used [0x00000000fb600000,0x00000000fc217a88,0x00000000ff880000)
  to   space 69120K, 0% used [0x00000000f7180000,0x00000000f7180000,0x00000000fb500000)
 ParOldGen       total 724480K, used 645470K [0x0000000080000000, 0x00000000ac380000, 0x00000000d5580000)
  object space 724480K, 89% used [0x0000000080000000,0x00000000a7657a40,0x00000000ac380000)
 Metaspace       used 196269K, capacity 210105K, committed 210892K, reserved 1232896K
  class space    used 24612K, capacity 27187K, committed 27392K, reserved 1048576K
}
Event: 2070.589 GC heap before
{Heap before GC invocations=102 (full 7):
 PSYoungGen      total 621056K, used 565342K [0x00000000d5580000, 0x00000000ff880000, 0x0000000100000000)
  eden space 552960K, 100% used [0x00000000d5580000,0x00000000f7180000,0x00000000f7180000)
  from space 68096K, 18% used [0x00000000fb600000,0x00000000fc217a88,0x00000000ff880000)
  to   space 69120K, 0% used [0x00000000f7180000,0x00000000f7180000,0x00000000fb500000)
 ParOldGen       total 724480K, used 645470K [0x0000000080000000, 0x00000000ac380000, 0x00000000d5580000)
  object space 724480K, 89% used [0x0000000080000000,0x00000000a7657a40,0x00000000ac380000)
 Metaspace       used 196291K, capacity 210115K, committed 210892K, reserved 1232896K
  class space    used 24612K, capacity 27188K, committed 27392K, reserved 1048576K
Event: 2070.620 GC heap after
Heap after GC invocations=102 (full 7):
 PSYoungGen      total 622080K, used 12414K [0x00000000d5580000, 0x00000000ffc00000, 0x0000000100000000)
  eden space 552960K, 0% used [0x00000000d5580000,0x00000000d5580000,0x00000000f7180000)
  from space 69120K, 17% used [0x00000000f7180000,0x00000000f7d9fb78,0x00000000fb500000)
  to   space 66560K, 0% used [0x00000000fbb00000,0x00000000fbb00000,0x00000000ffc00000)
 ParOldGen       total 724480K, used 650157K [0x0000000080000000, 0x00000000ac380000, 0x00000000d5580000)
  object space 724480K, 89% used [0x0000000080000000,0x00000000a7aeb470,0x00000000ac380000)
 Metaspace       used 196291K, capacity 210115K, committed 210892K, reserved 1232896K
  class space    used 24612K, capacity 27188K, committed 27392K, reserved 1048576K
}
Event: 2071.489 GC heap before
{Heap before GC invocations=103 (full 7):
 PSYoungGen      total 622080K, used 565374K [0x00000000d5580000, 0x00000000ffc00000, 0x0000000100000000)
  eden space 552960K, 100% used [0x00000000d5580000,0x00000000f7180000,0x00000000f7180000)
  from space 69120K, 17% used [0x00000000f7180000,0x00000000f7d9fb78,0x00000000fb500000)
  to   space 66560K, 0% used [0x00000000fbb00000,0x00000000fbb00000,0x00000000ffc00000)
 ParOldGen       total 724480K, used 650157K [0x0000000080000000, 0x00000000ac380000, 0x00000000d5580000)
  object space 724480K, 89% used [0x0000000080000000,0x00000000a7aeb470,0x00000000ac380000)
 Metaspace       used 196293K, capacity 210179K, committed 210892K, reserved 1232896K
  class space    used 24612K, capacity 27188K, committed 27392K, reserved 1048576K
Event: 2071.516 GC heap after
Heap after GC invocations=103 (full 7):
 PSYoungGen      total 627200K, used 5984K [0x00000000d5580000, 0x00000000ff980000, 0x0000000100000000)
  eden space 563200K, 0% used [0x00000000d5580000,0x00000000d5580000,0x00000000f7b80000)
  from space 64000K, 9% used [0x00000000fbb00000,0x00000000fc0d8000,0x00000000ff980000)
  to   space 64512K, 0% used [0x00000000f7b80000,0x00000000f7b80000,0x00000000fba80000)
 ParOldGen       total 724480K, used 654487K [0x0000000080000000, 0x00000000ac380000, 0x00000000d5580000)
  object space 724480K, 90% used [0x0000000080000000,0x00000000a7f25e30,0x00000000ac380000)
 Metaspace       used 196293K, capacity 210179K, committed 210892K, reserved 1232896K
  class space    used 24612K, capacity 27188K, committed 27392K, reserved 1048576K
}
Event: 2073.587 GC heap before
{Heap before GC invocations=104 (full 7):
 PSYoungGen      total 627200K, used 568495K [0x00000000d5580000, 0x00000000ff980000, 0x0000000100000000)
  eden space 563200K, 99% used [0x00000000d5580000,0x00000000f7ad3fa8,0x00000000f7b80000)
  from space 64000K, 9% used [0x00000000fbb00000,0x00000000fc0d8000,0x00000000ff980000)
  to   space 64512K, 0% used [0x00000000f7b80000,0x00000000f7b80000,0x00000000fba80000)
 ParOldGen       total 724480K, used 654487K [0x0000000080000000, 0x00000000ac380000, 0x00000000d5580000)
  object space 724480K, 90% used [0x0000000080000000,0x00000000a7f25e30,0x00000000ac380000)
 Metaspace       used 196301K, capacity 210179K, committed 210892K, reserved 1232896K
  class space    used 24612K, capacity 27188K, committed 27392K, reserved 1048576K
Event: 2073.613 GC heap after
Heap after GC invocations=104 (full 7):
 PSYoungGen      total 627712K, used 24169K [0x00000000d5580000, 0x00000000ffa80000, 0x0000000100000000)
  eden space 563200K, 0% used [0x00000000d5580000,0x00000000d5580000,0x00000000f7b80000)
  from space 64512K, 37% used [0x00000000f7b80000,0x00000000f931a6c0,0x00000000fba80000)
  to   space 61440K, 0% used [0x00000000fbe80000,0x00000000fbe80000,0x00000000ffa80000)
 ParOldGen       total 724480K, used 656918K [0x0000000080000000, 0x00000000ac380000, 0x00000000d5580000)
  object space 724480K, 90% used [0x0000000080000000,0x00000000a8185ba8,0x00000000ac380000)
 Metaspace       used 196301K, capacity 210179K, committed 210892K, reserved 1232896K
  class space    used 24612K, capacity 27188K, committed 27392K, reserved 1048576K
}
Event: 2077.691 GC heap before
{Heap before GC invocations=105 (full 7):
 PSYoungGen      total 627712K, used 587369K [0x00000000d5580000, 0x00000000ffa80000, 0x0000000100000000)
  eden space 563200K, 100% used [0x00000000d5580000,0x00000000f7b80000,0x00000000f7b80000)
  from space 64512K, 37% used [0x00000000f7b80000,0x00000000f931a6c0,0x00000000fba80000)
  to   space 61440K, 0% used [0x00000000fbe80000,0x00000000fbe80000,0x00000000ffa80000)
 ParOldGen       total 724480K, used 656918K [0x0000000080000000, 0x00000000ac380000, 0x00000000d5580000)
  object space 724480K, 90% used [0x0000000080000000,0x00000000a8185ba8,0x00000000ac380000)
 Metaspace       used 196337K, capacity 210201K, committed 210892K, reserved 1232896K
  class space    used 24614K, capacity 27191K, committed 27392K, reserved 1048576K
Event: 2077.712 GC heap after
Heap after GC invocations=105 (full 7):
 PSYoungGen      total 631808K, used 13143K [0x00000000d5580000, 0x00000000ff800000, 0x0000000100000000)
  eden space 572928K, 0% used [0x00000000d5580000,0x00000000d5580000,0x00000000f8500000)
  from space 58880K, 22% used [0x00000000fbe80000,0x00000000fcb55d60,0x00000000ff800000)
  to   space 58880K, 0% used [0x00000000f8500000,0x00000000f8500000,0x00000000fbe80000)
 ParOldGen       total 724480K, used 662365K [0x0000000080000000, 0x00000000ac380000, 0x00000000d5580000)
  object space 724480K, 91% used [0x0000000080000000,0x00000000a86d7670,0x00000000ac380000)
 Metaspace       used 196337K, capacity 210201K, committed 210892K, reserved 1232896K
  class space    used 24614K, capacity 27191K, committed 27392K, reserved 1048576K
}

