# JRE version: OpenJDK Runtime Environment (8.0_242-b01) (build 1.8.0_242-release-1644-b01)
# Java VM: OpenJDK 64-Bit Server VM (25.242-b01 mixed mode windows-amd64 compressed oops)
Heap:
 PSYoungGen      total 472576K, used 147605K [0x00000000d5580000, 0x0000000100000000, 0x0000000100000000)
  eden space 270848K, 54% used [0x00000000d5580000,0x00000000de5c2760,0x00000000e5e00000)
  from space 201728K, 0% used [0x00000000f2100000,0x00000000f2100000,0x00000000fe600000)
  to   space 199680K, 0% used [0x00000000e5e00000,0x00000000e5e00000,0x00000000f2100000)
 ParOldGen       total 532992K, used 185964K [0x0000000080000000, 0x00000000a0880000, 0x00000000d5580000)
  object space 532992K, 34% used [0x0000000080000000,0x000000008b59b080,0x00000000a0880000)
 Metaspace       used 144884K, capacity 153872K, committed 156440K, reserved 1185792K
  class space    used 18347K, capacity 20022K, committed 20528K, reserved 1048576K
GC Heap History (10 events):
Event: 2645.603 GC heap before
{Heap before GC invocations=35 (full 4):
 PSYoungGen      total 449536K, used 449514K [0x00000000d5580000, 0x0000000100000000, 0x0000000100000000)
  eden space 304640K, 100% used [0x00000000d5580000,0x00000000e7f00000,0x00000000e7f00000)
  from space 144896K, 99% used [0x00000000f6980000,0x00000000ff6fa870,0x00000000ff700000)
  to   space 197120K, 0% used [0x00000000e7f00000,0x00000000e7f00000,0x00000000f3f80000)
 ParOldGen       total 335872K, used 222600K [0x0000000080000000, 0x0000000094800000, 0x00000000d5580000)
  object space 335872K, 66% used [0x0000000080000000,0x000000008d9620c8,0x0000000094800000)
 Metaspace       used 144291K, capacity 154082K, committed 154136K, reserved 1183744K
  class space    used 18417K, capacity 20224K, committed 20272K, reserved 1048576K
Event: 2645.786 GC heap after
Heap after GC invocations=35 (full 4):
 PSYoungGen      total 467456K, used 162446K [0x00000000d5580000, 0x0000000100000000, 0x0000000100000000)
  eden space 304640K, 0% used [0x00000000d5580000,0x00000000d5580000,0x00000000e7f00000)
  from space 162816K, 99% used [0x00000000e7f00000,0x00000000f1da3a10,0x00000000f1e00000)
  to   space 217600K, 0% used [0x00000000f2b80000,0x00000000f2b80000,0x0000000100000000)
 ParOldGen       total 335872K, used 243296K [0x0000000080000000, 0x0000000094800000, 0x00000000d5580000)
  object space 335872K, 72% used [0x0000000080000000,0x000000008ed98340,0x0000000094800000)
 Metaspace       used 144291K, capacity 154082K, committed 154136K, reserved 1183744K
  class space    used 18417K, capacity 20224K, committed 20272K, reserved 1048576K
}
Event: 2659.914 GC heap before
{Heap before GC invocations=36 (full 4):
 PSYoungGen      total 467456K, used 467086K [0x00000000d5580000, 0x0000000100000000, 0x0000000100000000)
  eden space 304640K, 100% used [0x00000000d5580000,0x00000000e7f00000,0x00000000e7f00000)
  from space 162816K, 99% used [0x00000000e7f00000,0x00000000f1da3a10,0x00000000f1e00000)
  to   space 217600K, 0% used [0x00000000f2b80000,0x00000000f2b80000,0x0000000100000000)
 ParOldGen       total 335872K, used 243296K [0x0000000080000000, 0x0000000094800000, 0x00000000d5580000)
  object space 335872K, 72% used [0x0000000080000000,0x000000008ed98340,0x0000000094800000)
 Metaspace       used 145618K, capacity 155826K, committed 155928K, reserved 1185792K
  class space    used 18599K, capacity 20474K, committed 20528K, reserved 1048576K
Event: 2660.055 GC heap after
Heap after GC invocations=36 (full 4):
 PSYoungGen      total 486400K, used 105286K [0x00000000d5580000, 0x0000000100000000, 0x0000000100000000)
  eden space 268800K, 0% used [0x00000000d5580000,0x00000000d5580000,0x00000000e5c00000)
  from space 217600K, 48% used [0x00000000f2b80000,0x00000000f92519d8,0x0000000100000000)
  to   space 212480K, 0% used [0x00000000e5c00000,0x00000000e5c00000,0x00000000f2b80000)
 ParOldGen       total 335872K, used 253225K [0x0000000080000000, 0x0000000094800000, 0x00000000d5580000)
  object space 335872K, 75% used [0x0000000080000000,0x000000008f74a678,0x0000000094800000)
 Metaspace       used 145618K, capacity 155826K, committed 155928K, reserved 1185792K
  class space    used 18599K, capacity 20474K, committed 20528K, reserved 1048576K
}
Event: 2663.737 GC heap before
{Heap before GC invocations=37 (full 4):
 PSYoungGen      total 486400K, used 374086K [0x00000000d5580000, 0x0000000100000000, 0x0000000100000000)
  eden space 268800K, 100% used [0x00000000d5580000,0x00000000e5c00000,0x00000000e5c00000)
  from space 217600K, 48% used [0x00000000f2b80000,0x00000000f92519d8,0x0000000100000000)
  to   space 212480K, 0% used [0x00000000e5c00000,0x00000000e5c00000,0x00000000f2b80000)
 ParOldGen       total 335872K, used 253225K [0x0000000080000000, 0x0000000094800000, 0x00000000d5580000)
  object space 335872K, 75% used [0x0000000080000000,0x000000008f74a678,0x0000000094800000)
 Metaspace       used 145805K, capacity 155998K, committed 156184K, reserved 1185792K
  class space    used 18617K, capacity 20504K, committed 20528K, reserved 1048576K
Event: 2663.904 GC heap after
Heap after GC invocations=37 (full 4):
 PSYoungGen      total 343040K, used 73851K [0x00000000d5580000, 0x00000000fe600000, 0x0000000100000000)
  eden space 268800K, 0% used [0x00000000d5580000,0x00000000d5580000,0x00000000e5c00000)
  from space 74240K, 99% used [0x00000000e5c00000,0x00000000ea41ecb8,0x00000000ea480000)
  to   space 201728K, 0% used [0x00000000f2100000,0x00000000f2100000,0x00000000fe600000)
 ParOldGen       total 335872K, used 281918K [0x0000000080000000, 0x0000000094800000, 0x00000000d5580000)
  object space 335872K, 83% used [0x0000000080000000,0x000000009134f838,0x0000000094800000)
 Metaspace       used 145805K, capacity 155998K, committed 156184K, reserved 1185792K
  class space    used 18617K, capacity 20504K, committed 20528K, reserved 1048576K
}
Event: 2665.401 GC heap before
{Heap before GC invocations=38 (full 4):
 PSYoungGen      total 343040K, used 342651K [0x00000000d5580000, 0x00000000fe600000, 0x0000000100000000)
  eden space 268800K, 100% used [0x00000000d5580000,0x00000000e5c00000,0x00000000e5c00000)
  from space 74240K, 99% used [0x00000000e5c00000,0x00000000ea41ecb8,0x00000000ea480000)
  to   space 201728K, 0% used [0x00000000f2100000,0x00000000f2100000,0x00000000fe600000)
 ParOldGen       total 335872K, used 281918K [0x0000000080000000, 0x0000000094800000, 0x00000000d5580000)
  object space 335872K, 83% used [0x0000000080000000,0x000000009134f838,0x0000000094800000)
 Metaspace       used 145920K, capacity 156194K, committed 156440K, reserved 1185792K
  class space    used 18623K, capacity 20514K, committed 20528K, reserved 1048576K
Event: 2665.614 GC heap after
Heap after GC invocations=38 (full 4):
 PSYoungGen      total 472576K, used 110602K [0x00000000d5580000, 0x0000000100000000, 0x0000000100000000)
  eden space 270848K, 0% used [0x00000000d5580000,0x00000000d5580000,0x00000000e5e00000)
  from space 201728K, 54% used [0x00000000f2100000,0x00000000f8d028a0,0x00000000fe600000)
  to   space 199680K, 0% used [0x00000000e5e00000,0x00000000e5e00000,0x00000000f2100000)
 ParOldGen       total 335872K, used 333472K [0x0000000080000000, 0x0000000094800000, 0x00000000d5580000)
  object space 335872K, 99% used [0x0000000080000000,0x00000000945a8058,0x0000000094800000)
 Metaspace       used 145920K, capacity 156194K, committed 156440K, reserved 1185792K
  class space    used 18623K, capacity 20514K, committed 20528K, reserved 1048576K
}
Event: 2665.614 GC heap before
{Heap before GC invocations=39 (full 5):
 PSYoungGen      total 472576K, used 110602K [0x00000000d5580000, 0x0000000100000000, 0x0000000100000000)
  eden space 270848K, 0% used [0x00000000d5580000,0x00000000d5580000,0x00000000e5e00000)
  from space 201728K, 54% used [0x00000000f2100000,0x00000000f8d028a0,0x00000000fe600000)
  to   space 199680K, 0% used [0x00000000e5e00000,0x00000000e5e00000,0x00000000f2100000)
 ParOldGen       total 335872K, used 333472K [0x0000000080000000, 0x0000000094800000, 0x00000000d5580000)
  object space 335872K, 99% used [0x0000000080000000,0x00000000945a8058,0x0000000094800000)
 Metaspace       used 145920K, capacity 156194K, committed 156440K, reserved 1185792K
  class space    used 18623K, capacity 20514K, committed 20528K, reserved 1048576K
Event: 2666.730 GC heap after
Heap after GC invocations=39 (full 5):
 PSYoungGen      total 472576K, used 0K [0x00000000d5580000, 0x0000000100000000, 0x0000000100000000)
  eden space 270848K, 0% used [0x00000000d5580000,0x00000000d5580000,0x00000000e5e00000)
  from space 201728K, 0% used [0x00000000f2100000,0x00000000f2100000,0x00000000fe600000)
  to   space 199680K, 0% used [0x00000000e5e00000,0x00000000e5e00000,0x00000000f2100000)
 ParOldGen       total 532992K, used 185964K [0x0000000080000000, 0x00000000a0880000, 0x00000000d5580000)
  object space 532992K, 34% used [0x0000000080000000,0x000000008b59b080,0x00000000a0880000)
 Metaspace       used 144882K, capacity 153868K, committed 156440K, reserved 1185792K
  class space    used 18346K, capacity 20022K, committed 20528K, reserved 1048576K
}

